  Game.cpp
C:\Users\0sx6r\GitHub\himuro125.github.io\source\MazeGame\Game.cpp(218,24): warning C4305: '-=': 'double' から 'float' へ切り詰めます。
C:\Users\0sx6r\GitHub\himuro125.github.io\source\MazeGame\Game.cpp(221,24): warning C4305: '+=': 'double' から 'float' へ切り詰めます。
C:\Users\0sx6r\GitHub\himuro125.github.io\source\MazeGame\Game.cpp(863,12): warning C4244: '引数': 'time_t' から 'unsigned int' への変換です。データが失われる可能性があります。
  LINK : 前回のインクリメンタル リンクで C:\Users\0sx6r\GitHub\himuro125.github.io\source\..\bin\作品\x64\Debug\MazeGame.exe が見つからなかったか、ビルドされませんでした。フル リンクを行います。
  MazeGame.vcxproj -> C:\Users\0sx6r\GitHub\himuro125.github.io\bin\作品\x64\Debug\MazeGame.exe
  ..\..\bin\SDL2-2.30.9\lib\x64\SDL2.dll
  1 個のファイルをコピーしました
  ..\..\bin\SDL2_mixer-2.8.0\lib\x64\SDL2_mixer.dll
  1 個のファイルをコピーしました
  ..\..\bin\freeglut-3.6.0\build\bin\Debug\freeglutd.dll
  1 個のファイルをコピーしました
  .\bgm1.mp3
  1 個のファイルをコピーしました
  .\bgm2.mp3
  1 個のファイルをコピーしました
  .\bgm3.mp3
  1 個のファイルをコピーしました
  .\foot.wav
  1 個のファイルをコピーしました
  .\gate.wav
  1 個のファイルをコピーしました
  .\key.wav
  1 個のファイルをコピーしました
