c:\users\0sx6r\github\himuro125.github.io\source\mazegame\x64\debug\vc143.pdb
c:\users\0sx6r\github\himuro125.github.io\source\mazegame\x64\debug\vc143.idb
c:\users\0sx6r\github\himuro125.github.io\source\mazegame\x64\debug\sound.obj
c:\users\0sx6r\github\himuro125.github.io\source\mazegame\x64\debug\maze.obj
c:\users\0sx6r\github\himuro125.github.io\source\mazegame\x64\debug\game.obj
c:\users\0sx6r\github\himuro125.github.io\source\mazegame\x64\debug\aabb.obj
c:\users\0sx6r\github\himuro125.github.io\source\mazegame\x64\debug\character.obj
c:\users\0sx6r\github\himuro125.github.io\source\mazegame\x64\debug\texture.obj
c:\users\0sx6r\github\himuro125.github.io\bin\作品\x64\debug\mazegame.exe
c:\users\0sx6r\github\himuro125.github.io\bin\作品\x64\debug\mazegame.pdb
c:\users\0sx6r\github\himuro125.github.io\source\mazegame\x64\debug\mazegame.ilk
c:\users\0sx6r\github\himuro125.github.io\source\..\bin\作品\x64\debug\mazegame.pdb
c:\users\0sx6r\github\himuro125.github.io\source\mazegame\x64\debug\mazegame.tlog\cl.command.1.tlog
c:\users\0sx6r\github\himuro125.github.io\source\mazegame\x64\debug\mazegame.tlog\cl.items.tlog
c:\users\0sx6r\github\himuro125.github.io\source\mazegame\x64\debug\mazegame.tlog\cl.read.1.tlog
c:\users\0sx6r\github\himuro125.github.io\source\mazegame\x64\debug\mazegame.tlog\cl.write.1.tlog
c:\users\0sx6r\github\himuro125.github.io\source\mazegame\x64\debug\mazegame.tlog\link.command.1.tlog
c:\users\0sx6r\github\himuro125.github.io\source\mazegame\x64\debug\mazegame.tlog\link.read.1.tlog
c:\users\0sx6r\github\himuro125.github.io\source\mazegame\x64\debug\mazegame.tlog\link.secondary.1.tlog
c:\users\0sx6r\github\himuro125.github.io\source\mazegame\x64\debug\mazegame.tlog\link.write.1.tlog
