  AABB.cpp
  Character.cpp
  Game.cpp
  Maze.cpp
  sound.cpp
  Texture.cpp
  コード生成しています。
  Previous IPDB was built with incompatible compiler, fall back to full compilation.
  All 486 functions were compiled because no usable IPDB/IOBJ from previous compilation was found.
  コード生成が終了しました。
  MazeGame.vcxproj -> C:\Users\0sx6r\GitHub\himuro125.github.io\bin\作品\x64\Release\MazeGame.exe
  ..\..\bin\SDL2-2.30.9\lib\x64\SDL2.dll
  1 個のファイルをコピーしました
  ..\..\bin\SDL2_mixer-2.8.0\lib\x64\SDL2_mixer.dll
  1 個のファイルをコピーしました
  ..\..\bin\freeglut-3.6.0\build\bin\Release\freeglut.dll
  1 個のファイルをコピーしました
  .\bgm1.mp3
  1 個のファイルをコピーしました
  .\bgm2.mp3
  1 個のファイルをコピーしました
  .\bgm3.mp3
  1 個のファイルをコピーしました
  .\foot.wav
  1 個のファイルをコピーしました
  .\gate.wav
  1 個のファイルをコピーしました
  .\key.wav
  1 個のファイルをコピーしました
  .\cursor.wav
  1 個のファイルをコピーしました
  .\enter.wav
  1 個のファイルをコピーしました
  .\wall.jpg
  1 個のファイルをコピーしました
  .\gate.jpg
  1 個のファイルをコピーしました
