  AABB.cpp
  Game.cpp
C:\Users\0sx6r\GitHub\himuro125.github.io\OpenGL\OpenGL\Game.cpp(153,24): warning C4305: '-=': 'double' から 'float' へ切り詰めます。
C:\Users\0sx6r\GitHub\himuro125.github.io\OpenGL\OpenGL\Game.cpp(156,24): warning C4305: '+=': 'double' から 'float' へ切り詰めます。
C:\Users\0sx6r\GitHub\himuro125.github.io\OpenGL\OpenGL\Game.cpp(319,30): warning C4305: '初期化中': 'double' から 'float' へ切り詰めます。
C:\Users\0sx6r\GitHub\himuro125.github.io\OpenGL\OpenGL\Game.cpp(320,27): warning C4305: '初期化中': 'double' から 'float' へ切り詰めます。
C:\Users\0sx6r\GitHub\himuro125.github.io\OpenGL\OpenGL\Game.cpp(320,35): warning C4305: '初期化中': 'double' から 'float' へ切り詰めます。
C:\Users\0sx6r\GitHub\himuro125.github.io\OpenGL\OpenGL\Game.cpp(320,42): warning C4305: '初期化中': 'double' から 'float' へ切り詰めます。
C:\Users\0sx6r\GitHub\himuro125.github.io\OpenGL\OpenGL\Game.cpp(321,27): warning C4305: '初期化中': 'double' から 'float' へ切り詰めます。
C:\Users\0sx6r\GitHub\himuro125.github.io\OpenGL\OpenGL\Game.cpp(321,35): warning C4305: '初期化中': 'double' から 'float' へ切り詰めます。
C:\Users\0sx6r\GitHub\himuro125.github.io\OpenGL\OpenGL\Game.cpp(321,43): warning C4305: '初期化中': 'double' から 'float' へ切り詰めます。
C:\Users\0sx6r\GitHub\himuro125.github.io\OpenGL\OpenGL\Game.cpp(322,28): warning C4305: '初期化中': 'double' から 'float' へ切り詰めます。
C:\Users\0sx6r\GitHub\himuro125.github.io\OpenGL\OpenGL\Game.cpp(322,37): warning C4305: '初期化中': 'double' から 'float' へ切り詰めます。
C:\Users\0sx6r\GitHub\himuro125.github.io\OpenGL\OpenGL\Game.cpp(322,46): warning C4305: '初期化中': 'double' から 'float' へ切り詰めます。
C:\Users\0sx6r\GitHub\himuro125.github.io\OpenGL\OpenGL\Game.cpp(323,29): warning C4305: '初期化中': 'double' から 'float' へ切り詰めます。
C:\Users\0sx6r\GitHub\himuro125.github.io\OpenGL\OpenGL\Game.cpp(324,28): warning C4305: '初期化中': 'double' から 'float' へ切り詰めます。
C:\Users\0sx6r\GitHub\himuro125.github.io\OpenGL\OpenGL\Game.cpp(324,36): warning C4305: '初期化中': 'double' から 'float' へ切り詰めます。
C:\Users\0sx6r\GitHub\himuro125.github.io\OpenGL\OpenGL\Game.cpp(324,43): warning C4305: '初期化中': 'double' から 'float' へ切り詰めます。
C:\Users\0sx6r\GitHub\himuro125.github.io\OpenGL\OpenGL\Game.cpp(325,28): warning C4305: '初期化中': 'double' から 'float' へ切り詰めます。
C:\Users\0sx6r\GitHub\himuro125.github.io\OpenGL\OpenGL\Game.cpp(325,35): warning C4305: '初期化中': 'double' から 'float' へ切り詰めます。
C:\Users\0sx6r\GitHub\himuro125.github.io\OpenGL\OpenGL\Game.cpp(325,43): warning C4305: '初期化中': 'double' から 'float' へ切り詰めます。
C:\Users\0sx6r\GitHub\himuro125.github.io\OpenGL\OpenGL\Game.cpp(326,29): warning C4305: '初期化中': 'double' から 'float' へ切り詰めます。
C:\Users\0sx6r\GitHub\himuro125.github.io\OpenGL\OpenGL\Game.cpp(326,38): warning C4305: '初期化中': 'double' から 'float' へ切り詰めます。
C:\Users\0sx6r\GitHub\himuro125.github.io\OpenGL\OpenGL\Game.cpp(326,48): warning C4305: '初期化中': 'double' から 'float' へ切り詰めます。
C:\Users\0sx6r\GitHub\himuro125.github.io\OpenGL\OpenGL\Game.cpp(327,30): warning C4305: '初期化中': 'double' から 'float' へ切り詰めます。
C:\Users\0sx6r\GitHub\himuro125.github.io\OpenGL\OpenGL\Game.cpp(589,12): warning C4244: '引数': 'time_t' から 'unsigned int' への変換です。データが失われる可能性があります。
  Maze.cpp
  sound.cpp
  コードを生成中...
  OpenGL.vcxproj -> C:\Users\0sx6r\GitHub\himuro125.github.io\OpenGL\x64\Debug\OpenGL.exe
