C:\Program Files\Microsoft Visual Studio\2022\Community\MSBuild\Current\Bin\amd64\Microsoft.Common.CurrentVersion.targets(2176,5): warning : The referenced project 'C:\Users\0sx6r\Downloads\freeglut-3.6.0\freeglut-3.6.0\bulid\ZERO_CHECK.vcxproj' does not exist.
C:\Program Files\Microsoft Visual Studio\2022\Community\MSBuild\Current\Bin\amd64\Microsoft.Common.CurrentVersion.targets(2176,5): warning : The referenced project 'C:\Users\0sx6r\Downloads\freeglut-3.6.0\freeglut-3.6.0\bulid\3dview.vcxproj' does not exist.
C:\Program Files\Microsoft Visual Studio\2022\Community\MSBuild\Current\Bin\amd64\Microsoft.Common.CurrentVersion.targets(2176,5): warning : The referenced project 'C:\Users\0sx6r\Downloads\freeglut-3.6.0\freeglut-3.6.0\bulid\3dview_static.vcxproj' does not exist.
C:\Program Files\Microsoft Visual Studio\2022\Community\MSBuild\Current\Bin\amd64\Microsoft.Common.CurrentVersion.targets(2176,5): warning : The referenced project 'C:\Users\0sx6r\Downloads\freeglut-3.6.0\freeglut-3.6.0\bulid\CallbackMaker.vcxproj' does not exist.
C:\Program Files\Microsoft Visual Studio\2022\Community\MSBuild\Current\Bin\amd64\Microsoft.Common.CurrentVersion.targets(2176,5): warning : The referenced project 'C:\Users\0sx6r\Downloads\freeglut-3.6.0\freeglut-3.6.0\bulid\CallbackMaker_static.vcxproj' does not exist.
C:\Program Files\Microsoft Visual Studio\2022\Community\MSBuild\Current\Bin\amd64\Microsoft.Common.CurrentVersion.targets(2176,5): warning : The referenced project 'C:\Users\0sx6r\Downloads\freeglut-3.6.0\freeglut-3.6.0\bulid\Fractals.vcxproj' does not exist.
C:\Program Files\Microsoft Visual Studio\2022\Community\MSBuild\Current\Bin\amd64\Microsoft.Common.CurrentVersion.targets(2176,5): warning : The referenced project 'C:\Users\0sx6r\Downloads\freeglut-3.6.0\freeglut-3.6.0\bulid\Fractals_random.vcxproj' does not exist.
C:\Program Files\Microsoft Visual Studio\2022\Community\MSBuild\Current\Bin\amd64\Microsoft.Common.CurrentVersion.targets(2176,5): warning : The referenced project 'C:\Users\0sx6r\Downloads\freeglut-3.6.0\freeglut-3.6.0\bulid\Fractals_random_static.vcxproj' does not exist.
C:\Program Files\Microsoft Visual Studio\2022\Community\MSBuild\Current\Bin\amd64\Microsoft.Common.CurrentVersion.targets(2176,5): warning : The referenced project 'C:\Users\0sx6r\Downloads\freeglut-3.6.0\freeglut-3.6.0\bulid\Fractals_static.vcxproj' does not exist.
C:\Program Files\Microsoft Visual Studio\2022\Community\MSBuild\Current\Bin\amd64\Microsoft.Common.CurrentVersion.targets(2176,5): warning : The referenced project 'C:\Users\0sx6r\Downloads\freeglut-3.6.0\freeglut-3.6.0\bulid\Lorenz.vcxproj' does not exist.
C:\Program Files\Microsoft Visual Studio\2022\Community\MSBuild\Current\Bin\amd64\Microsoft.Common.CurrentVersion.targets(2176,5): warning : The referenced project 'C:\Users\0sx6r\Downloads\freeglut-3.6.0\freeglut-3.6.0\bulid\Lorenz_static.vcxproj' does not exist.
C:\Program Files\Microsoft Visual Studio\2022\Community\MSBuild\Current\Bin\amd64\Microsoft.Common.CurrentVersion.targets(2176,5): warning : The referenced project 'C:\Users\0sx6r\Downloads\freeglut-3.6.0\freeglut-3.6.0\bulid\One.vcxproj' does not exist.
C:\Program Files\Microsoft Visual Studio\2022\Community\MSBuild\Current\Bin\amd64\Microsoft.Common.CurrentVersion.targets(2176,5): warning : The referenced project 'C:\Users\0sx6r\Downloads\freeglut-3.6.0\freeglut-3.6.0\bulid\One_static.vcxproj' does not exist.
C:\Program Files\Microsoft Visual Studio\2022\Community\MSBuild\Current\Bin\amd64\Microsoft.Common.CurrentVersion.targets(2176,5): warning : The referenced project 'C:\Users\0sx6r\Downloads\freeglut-3.6.0\freeglut-3.6.0\bulid\freeglut.vcxproj' does not exist.
C:\Program Files\Microsoft Visual Studio\2022\Community\MSBuild\Current\Bin\amd64\Microsoft.Common.CurrentVersion.targets(2176,5): warning : The referenced project 'C:\Users\0sx6r\Downloads\freeglut-3.6.0\freeglut-3.6.0\bulid\freeglut_static.vcxproj' does not exist.
C:\Program Files\Microsoft Visual Studio\2022\Community\MSBuild\Current\Bin\amd64\Microsoft.Common.CurrentVersion.targets(2176,5): warning : The referenced project 'C:\Users\0sx6r\Downloads\freeglut-3.6.0\freeglut-3.6.0\bulid\indexed_color.vcxproj' does not exist.
C:\Program Files\Microsoft Visual Studio\2022\Community\MSBuild\Current\Bin\amd64\Microsoft.Common.CurrentVersion.targets(2176,5): warning : The referenced project 'C:\Users\0sx6r\Downloads\freeglut-3.6.0\freeglut-3.6.0\bulid\indexed_color_static.vcxproj' does not exist.
C:\Program Files\Microsoft Visual Studio\2022\Community\MSBuild\Current\Bin\amd64\Microsoft.Common.CurrentVersion.targets(2176,5): warning : The referenced project 'C:\Users\0sx6r\Downloads\freeglut-3.6.0\freeglut-3.6.0\bulid\joystick.vcxproj' does not exist.
C:\Program Files\Microsoft Visual Studio\2022\Community\MSBuild\Current\Bin\amd64\Microsoft.Common.CurrentVersion.targets(2176,5): warning : The referenced project 'C:\Users\0sx6r\Downloads\freeglut-3.6.0\freeglut-3.6.0\bulid\joystick_static.vcxproj' does not exist.
C:\Program Files\Microsoft Visual Studio\2022\Community\MSBuild\Current\Bin\amd64\Microsoft.Common.CurrentVersion.targets(2176,5): warning : The referenced project 'C:\Users\0sx6r\Downloads\freeglut-3.6.0\freeglut-3.6.0\bulid\keyboard.vcxproj' does not exist.
C:\Program Files\Microsoft Visual Studio\2022\Community\MSBuild\Current\Bin\amd64\Microsoft.Common.CurrentVersion.targets(2176,5): warning : The referenced project 'C:\Users\0sx6r\Downloads\freeglut-3.6.0\freeglut-3.6.0\bulid\keyboard_static.vcxproj' does not exist.
C:\Program Files\Microsoft Visual Studio\2022\Community\MSBuild\Current\Bin\amd64\Microsoft.Common.CurrentVersion.targets(2176,5): warning : The referenced project 'C:\Users\0sx6r\Downloads\freeglut-3.6.0\freeglut-3.6.0\bulid\multi-touch.vcxproj' does not exist.
C:\Program Files\Microsoft Visual Studio\2022\Community\MSBuild\Current\Bin\amd64\Microsoft.Common.CurrentVersion.targets(2176,5): warning : The referenced project 'C:\Users\0sx6r\Downloads\freeglut-3.6.0\freeglut-3.6.0\bulid\multi-touch_static.vcxproj' does not exist.
C:\Program Files\Microsoft Visual Studio\2022\Community\MSBuild\Current\Bin\amd64\Microsoft.Common.CurrentVersion.targets(2176,5): warning : The referenced project 'C:\Users\0sx6r\Downloads\freeglut-3.6.0\freeglut-3.6.0\bulid\resizer.vcxproj' does not exist.
C:\Program Files\Microsoft Visual Studio\2022\Community\MSBuild\Current\Bin\amd64\Microsoft.Common.CurrentVersion.targets(2176,5): warning : The referenced project 'C:\Users\0sx6r\Downloads\freeglut-3.6.0\freeglut-3.6.0\bulid\resizer_static.vcxproj' does not exist.
C:\Program Files\Microsoft Visual Studio\2022\Community\MSBuild\Current\Bin\amd64\Microsoft.Common.CurrentVersion.targets(2176,5): warning : The referenced project 'C:\Users\0sx6r\Downloads\freeglut-3.6.0\freeglut-3.6.0\bulid\shapes.vcxproj' does not exist.
C:\Program Files\Microsoft Visual Studio\2022\Community\MSBuild\Current\Bin\amd64\Microsoft.Common.CurrentVersion.targets(2176,5): warning : The referenced project 'C:\Users\0sx6r\Downloads\freeglut-3.6.0\freeglut-3.6.0\bulid\shapes_static.vcxproj' does not exist.
C:\Program Files\Microsoft Visual Studio\2022\Community\MSBuild\Current\Bin\amd64\Microsoft.Common.CurrentVersion.targets(2176,5): warning : The referenced project 'C:\Users\0sx6r\Downloads\freeglut-3.6.0\freeglut-3.6.0\bulid\smooth_opengl3.vcxproj' does not exist.
C:\Program Files\Microsoft Visual Studio\2022\Community\MSBuild\Current\Bin\amd64\Microsoft.Common.CurrentVersion.targets(2176,5): warning : The referenced project 'C:\Users\0sx6r\Downloads\freeglut-3.6.0\freeglut-3.6.0\bulid\smooth_opengl3_static.vcxproj' does not exist.
C:\Program Files\Microsoft Visual Studio\2022\Community\MSBuild\Current\Bin\amd64\Microsoft.Common.CurrentVersion.targets(2176,5): warning : The referenced project 'C:\Users\0sx6r\Downloads\freeglut-3.6.0\freeglut-3.6.0\bulid\spaceball.vcxproj' does not exist.
C:\Program Files\Microsoft Visual Studio\2022\Community\MSBuild\Current\Bin\amd64\Microsoft.Common.CurrentVersion.targets(2176,5): warning : The referenced project 'C:\Users\0sx6r\Downloads\freeglut-3.6.0\freeglut-3.6.0\bulid\spaceball_static.vcxproj' does not exist.
C:\Program Files\Microsoft Visual Studio\2022\Community\MSBuild\Current\Bin\amd64\Microsoft.Common.CurrentVersion.targets(2176,5): warning : The referenced project 'C:\Users\0sx6r\Downloads\freeglut-3.6.0\freeglut-3.6.0\bulid\subwin.vcxproj' does not exist.
C:\Program Files\Microsoft Visual Studio\2022\Community\MSBuild\Current\Bin\amd64\Microsoft.Common.CurrentVersion.targets(2176,5): warning : The referenced project 'C:\Users\0sx6r\Downloads\freeglut-3.6.0\freeglut-3.6.0\bulid\subwin_static.vcxproj' does not exist.
C:\Program Files\Microsoft Visual Studio\2022\Community\MSBuild\Current\Bin\amd64\Microsoft.Common.CurrentVersion.targets(2176,5): warning : The referenced project 'C:\Users\0sx6r\Downloads\freeglut-3.6.0\freeglut-3.6.0\bulid\timer.vcxproj' does not exist.
C:\Program Files\Microsoft Visual Studio\2022\Community\MSBuild\Current\Bin\amd64\Microsoft.Common.CurrentVersion.targets(2176,5): warning : The referenced project 'C:\Users\0sx6r\Downloads\freeglut-3.6.0\freeglut-3.6.0\bulid\timer_callback.vcxproj' does not exist.
C:\Program Files\Microsoft Visual Studio\2022\Community\MSBuild\Current\Bin\amd64\Microsoft.Common.CurrentVersion.targets(2176,5): warning : The referenced project 'C:\Users\0sx6r\Downloads\freeglut-3.6.0\freeglut-3.6.0\bulid\timer_callback_static.vcxproj' does not exist.
C:\Program Files\Microsoft Visual Studio\2022\Community\MSBuild\Current\Bin\amd64\Microsoft.Common.CurrentVersion.targets(2176,5): warning : The referenced project 'C:\Users\0sx6r\Downloads\freeglut-3.6.0\freeglut-3.6.0\bulid\timer_static.vcxproj' does not exist.
  Building Custom Rule C:/Users/0sx6r/Downloads/freeglut-3.6.0/freeglut-3.6.0/CMakeLists.txt
  CMake is re-running because C:/Users/0sx6r/Downloads/freeglut-3.6.0/freeglut-3.6.0/bulid/CMakeFiles/generate.stamp dependency file is missing.
CUSTOMBUILD : CMake error : The source directory "C:/Users/0sx6r/Downloads/freeglut-3.6.0/freeglut-3.6.0" does not appear to contain CMakeLists.txt.
  Specify --help for usage, or press the help button on the CMake GUI.
C:\Program Files\Microsoft Visual Studio\2022\Community\MSBuild\Microsoft\VC\v170\Microsoft.CppCommon.targets(254,5): error MSB8066: 'C:\Users\0sx6r\Downloads\freeglut-3.6.0\freeglut-3.6.0\CMakeLists.txt' のカスタム ビルドがコード 1 で終了しました。
